mode: set
github.com/bililive-go/bililive-go/src/configs/config.go:25.30,26.14 1 1
github.com/bililive-go/bililive-go/src/configs/config.go:29.2,29.15 1 1
github.com/bililive-go/bililive-go/src/configs/config.go:32.2,32.61 1 1
github.com/bililive-go/bililive-go/src/configs/config.go:35.2,35.12 1 1
github.com/bililive-go/bililive-go/src/configs/config.go:26.14,28.3 1 1
github.com/bililive-go/bililive-go/src/configs/config.go:29.15,31.3 1 1
github.com/bililive-go/bililive-go/src/configs/config.go:32.61,34.3 1 1
github.com/bililive-go/bililive-go/src/configs/config.go:87.36,89.2 1 0
github.com/bililive-go/bililive-go/src/configs/config.go:91.33,93.2 1 0
github.com/bililive-go/bililive-go/src/configs/config.go:107.67,111.50 2 1
github.com/bililive-go/bililive-go/src/configs/config.go:118.2,120.12 2 1
github.com/bililive-go/bililive-go/src/configs/config.go:111.50,113.40 2 0
github.com/bililive-go/bililive-go/src/configs/config.go:116.3,116.26 1 0
github.com/bililive-go/bililive-go/src/configs/config.go:113.40,115.4 1 0
github.com/bililive-go/bililive-go/src/configs/config.go:123.59,124.23 1 0
github.com/bililive-go/bililive-go/src/configs/config.go:127.2,128.34 2 0
github.com/bililive-go/bililive-go/src/configs/config.go:133.2,133.18 1 0
github.com/bililive-go/bililive-go/src/configs/config.go:124.23,126.3 1 0
github.com/bililive-go/bililive-go/src/configs/config.go:128.34,132.3 3 0
github.com/bililive-go/bililive-go/src/configs/config.go:168.26,172.2 3 0
github.com/bililive-go/bililive-go/src/configs/config.go:175.33,176.14 1 1
github.com/bililive-go/bililive-go/src/configs/config.go:179.2,179.39 1 1
github.com/bililive-go/bililive-go/src/configs/config.go:182.2,182.21 1 1
github.com/bililive-go/bililive-go/src/configs/config.go:185.2,185.49 1 1
github.com/bililive-go/bililive-go/src/configs/config.go:188.2,188.86 1 1
github.com/bililive-go/bililive-go/src/configs/config.go:191.2,191.44 1 1
github.com/bililive-go/bililive-go/src/configs/config.go:194.2,194.12 1 1
github.com/bililive-go/bililive-go/src/configs/config.go:176.14,178.3 1 1
github.com/bililive-go/bililive-go/src/configs/config.go:179.39,181.3 1 0
github.com/bililive-go/bililive-go/src/configs/config.go:182.21,184.3 1 1
github.com/bililive-go/bililive-go/src/configs/config.go:185.49,187.3 1 1
github.com/bililive-go/bililive-go/src/configs/config.go:188.86,190.3 1 0
github.com/bililive-go/bililive-go/src/configs/config.go:191.44,193.3 1 1
github.com/bililive-go/bililive-go/src/configs/config.go:198.46,199.39 1 1
github.com/bililive-go/bililive-go/src/configs/config.go:199.39,201.3 1 1
github.com/bililive-go/bililive-go/src/configs/config.go:204.56,206.48 2 0
github.com/bililive-go/bililive-go/src/configs/config.go:213.2,213.51 1 0
github.com/bililive-go/bililive-go/src/configs/config.go:206.48,207.78 1 0
github.com/bililive-go/bililive-go/src/configs/config.go:207.78,211.4 3 0
github.com/bililive-go/bililive-go/src/configs/config.go:216.66,218.16 2 0
github.com/bililive-go/bililive-go/src/configs/config.go:224.2,224.18 1 0
github.com/bililive-go/bililive-go/src/configs/config.go:218.16,220.58 2 0
github.com/bililive-go/bililive-go/src/configs/config.go:220.58,222.4 1 0
github.com/bililive-go/bililive-go/src/configs/config.go:227.69,228.48 1 0
github.com/bililive-go/bililive-go/src/configs/config.go:233.2,233.59 1 0
github.com/bililive-go/bililive-go/src/configs/config.go:228.48,229.78 1 0
github.com/bililive-go/bililive-go/src/configs/config.go:229.78,231.4 1 0
github.com/bililive-go/bililive-go/src/configs/config.go:236.52,238.51 2 1
github.com/bililive-go/bililive-go/src/configs/config.go:241.2,242.21 2 1
github.com/bililive-go/bililive-go/src/configs/config.go:238.51,240.3 1 0
github.com/bililive-go/bililive-go/src/configs/config.go:245.54,247.16 2 1
github.com/bililive-go/bililive-go/src/configs/config.go:250.2,251.16 2 1
github.com/bililive-go/bililive-go/src/configs/config.go:254.2,255.20 2 1
github.com/bililive-go/bililive-go/src/configs/config.go:247.16,249.3 1 0
github.com/bililive-go/bililive-go/src/configs/config.go:251.16,253.3 1 0
github.com/bililive-go/bililive-go/src/configs/config.go:258.34,259.18 1 0
github.com/bililive-go/bililive-go/src/configs/config.go:262.2,263.16 2 0
github.com/bililive-go/bililive-go/src/configs/config.go:266.2,266.47 1 0
github.com/bililive-go/bililive-go/src/configs/config.go:259.18,261.3 1 0
github.com/bililive-go/bililive-go/src/configs/config.go:263.16,265.3 1 0
github.com/bililive-go/bililive-go/src/configs/config.go:269.47,270.18 1 0
github.com/bililive-go/bililive-go/src/configs/config.go:273.2,273.20 1 0
github.com/bililive-go/bililive-go/src/configs/config.go:270.18,272.3 1 0
github.com/bililive-go/bililive-go/src/listeners/listener.go:31.64,42.2 2 1
github.com/bililive-go/bililive-go/src/listeners/listener.go:56.34,57.60 1 1
github.com/bililive-go/bililive-go/src/listeners/listener.go:60.2,65.12 5 1
github.com/bililive-go/bililive-go/src/listeners/listener.go:57.60,59.3 1 1
github.com/bililive-go/bililive-go/src/listeners/listener.go:68.28,69.62 1 1
github.com/bililive-go/bililive-go/src/listeners/listener.go:72.2,73.15 2 1
github.com/bililive-go/bililive-go/src/listeners/listener.go:69.62,71.3 1 1
github.com/bililive-go/bililive-go/src/listeners/listener.go:76.30,78.16 2 1
github.com/bililive-go/bililive-go/src/listeners/listener.go:86.2,95.15 2 1
github.com/bililive-go/bililive-go/src/listeners/listener.go:96.2,97.37 2 1
github.com/bililive-go/bililive-go/src/listeners/listener.go:114.2,114.21 1 1
github.com/bililive-go/bililive-go/src/listeners/listener.go:119.2,119.23 1 1
github.com/bililive-go/bililive-go/src/listeners/listener.go:78.16,84.3 2 1
github.com/bililive-go/bililive-go/src/listeners/listener.go:95.15,95.42 1 1
github.com/bililive-go/bililive-go/src/listeners/listener.go:98.9,99.26 1 1
github.com/bililive-go/bililive-go/src/listeners/listener.go:100.23,103.25 3 1
github.com/bililive-go/bililive-go/src/listeners/listener.go:104.24,106.23 2 1
github.com/bililive-go/bililive-go/src/listeners/listener.go:107.26,108.55 1 1
github.com/bililive-go/bililive-go/src/listeners/listener.go:111.3,112.36 2 1
github.com/bililive-go/bililive-go/src/listeners/listener.go:108.55,110.4 1 1
github.com/bililive-go/bililive-go/src/listeners/listener.go:114.21,117.3 2 1
github.com/bililive-go/bililive-go/src/listeners/listener.go:119.23,122.17 3 0
github.com/bililive-go/bililive-go/src/listeners/listener.go:122.17,128.4 1 0
github.com/bililive-go/bililive-go/src/listeners/listener.go:132.26,141.6 3 1
github.com/bililive-go/bililive-go/src/listeners/listener.go:141.6,142.10 1 1
github.com/bililive-go/bililive-go/src/listeners/listener.go:143.17,144.10 1 1
github.com/bililive-go/bililive-go/src/listeners/listener.go:145.19,146.15 1 0
github.com/bililive-go/bililive-go/src/listeners/manager.go:17.46,23.2 3 1
github.com/bililive-go/bililive-go/src/listeners/manager.go:38.79,39.98 1 1
github.com/bililive-go/bililive-go/src/listeners/manager.go:39.98,44.30 5 0
github.com/bililive-go/bililive-go/src/listeners/manager.go:47.3,52.17 5 0
github.com/bililive-go/bililive-go/src/listeners/manager.go:58.3,59.23 2 0
github.com/bililive-go/bililive-go/src/listeners/manager.go:44.30,46.4 1 0
github.com/bililive-go/bililive-go/src/listeners/manager.go:52.17,56.14 2 0
github.com/bililive-go/bililive-go/src/listeners/manager.go:59.23,60.73 1 0
github.com/bililive-go/bililive-go/src/listeners/manager.go:60.73,64.5 1 0
github.com/bililive-go/bililive-go/src/listeners/manager.go:69.52,71.51 2 1
github.com/bililive-go/bililive-go/src/listeners/manager.go:74.2,75.12 2 1
github.com/bililive-go/bililive-go/src/listeners/manager.go:71.51,73.3 1 1
github.com/bililive-go/bililive-go/src/listeners/manager.go:78.46,81.37 3 1
github.com/bililive-go/bililive-go/src/listeners/manager.go:85.2,86.23 2 1
github.com/bililive-go/bililive-go/src/listeners/manager.go:81.37,84.3 2 1
github.com/bililive-go/bililive-go/src/listeners/manager.go:89.74,93.45 3 1
github.com/bililive-go/bililive-go/src/listeners/manager.go:96.2,98.25 3 1
github.com/bililive-go/bililive-go/src/listeners/manager.go:93.45,95.3 1 1
github.com/bililive-go/bililive-go/src/listeners/manager.go:101.82,105.9 4 1
github.com/bililive-go/bililive-go/src/listeners/manager.go:108.2,110.12 3 1
github.com/bililive-go/bililive-go/src/listeners/manager.go:105.9,107.3 1 1
github.com/bililive-go/bililive-go/src/listeners/manager.go:113.100,118.9 5 0
github.com/bililive-go/bililive-go/src/listeners/manager.go:121.2,123.38 3 0
github.com/bililive-go/bililive-go/src/listeners/manager.go:129.2,129.28 1 0
github.com/bililive-go/bililive-go/src/listeners/manager.go:118.9,120.3 1 0
github.com/bililive-go/bililive-go/src/listeners/manager.go:123.38,125.3 1 0
github.com/bililive-go/bililive-go/src/listeners/manager.go:125.8,128.3 2 0
github.com/bililive-go/bililive-go/src/listeners/manager.go:132.91,136.9 4 1
github.com/bililive-go/bililive-go/src/listeners/manager.go:139.2,139.22 1 1
github.com/bililive-go/bililive-go/src/listeners/manager.go:136.9,138.3 1 1
github.com/bililive-go/bililive-go/src/listeners/manager.go:142.78,147.2 4 1
github.com/bililive-go/bililive-go/src/listeners/status.go:16.51,17.38 1 1
github.com/bililive-go/bililive-go/src/listeners/status.go:20.2,20.38 1 1
github.com/bililive-go/bililive-go/src/listeners/status.go:23.2,23.68 1 1
github.com/bililive-go/bililive-go/src/listeners/status.go:26.2,26.12 1 1
github.com/bililive-go/bililive-go/src/listeners/status.go:17.38,19.3 1 1
github.com/bililive-go/bililive-go/src/listeners/status.go:20.38,22.3 1 1
github.com/bililive-go/bililive-go/src/listeners/status.go:23.68,25.3 1 1
github.com/bililive-go/bililive-go/src/pkg/events/dispatcher.go:13.52,18.17 3 1
github.com/bililive-go/bililive-go/src/pkg/events/dispatcher.go:21.2,21.11 1 1
github.com/bililive-go/bililive-go/src/pkg/events/dispatcher.go:18.17,20.3 1 0
github.com/bililive-go/bililive-go/src/pkg/events/dispatcher.go:37.55,39.2 1 0
github.com/bililive-go/bililive-go/src/pkg/events/dispatcher.go:41.50,43.2 0 0
github.com/bililive-go/bililive-go/src/pkg/events/dispatcher.go:45.85,49.28 4 1
github.com/bililive-go/bililive-go/src/pkg/events/dispatcher.go:53.2,53.30 1 1
github.com/bililive-go/bililive-go/src/pkg/events/dispatcher.go:49.28,52.3 2 1
github.com/bililive-go/bililive-go/src/pkg/events/dispatcher.go:56.88,60.29 4 1
github.com/bililive-go/bililive-go/src/pkg/events/dispatcher.go:63.2,63.53 1 1
github.com/bililive-go/bililive-go/src/pkg/events/dispatcher.go:68.2,68.26 1 1
github.com/bililive-go/bililive-go/src/pkg/events/dispatcher.go:60.29,62.3 1 0
github.com/bililive-go/bililive-go/src/pkg/events/dispatcher.go:63.53,64.26 1 1
github.com/bililive-go/bililive-go/src/pkg/events/dispatcher.go:64.26,66.4 1 1
github.com/bililive-go/bililive-go/src/pkg/events/dispatcher.go:68.26,70.3 1 1
github.com/bililive-go/bililive-go/src/pkg/events/dispatcher.go:73.66,77.2 3 1
github.com/bililive-go/bililive-go/src/pkg/events/dispatcher.go:79.50,80.18 1 1
github.com/bililive-go/bililive-go/src/pkg/events/dispatcher.go:83.2,85.29 3 1
github.com/bililive-go/bililive-go/src/pkg/events/dispatcher.go:89.2,90.53 2 1
github.com/bililive-go/bililive-go/src/pkg/events/dispatcher.go:93.2,94.12 2 1
github.com/bililive-go/bililive-go/src/pkg/events/dispatcher.go:80.18,82.3 1 0
github.com/bililive-go/bililive-go/src/pkg/events/dispatcher.go:85.29,88.3 2 0
github.com/bililive-go/bililive-go/src/pkg/events/dispatcher.go:90.53,92.3 1 1
github.com/bililive-go/bililive-go/src/pkg/events/dispatcher.go:94.12,95.24 1 1
github.com/bililive-go/bililive-go/src/pkg/events/dispatcher.go:95.24,97.4 1 1
github.com/bililive-go/bililive-go/src/pkg/events/event.go:12.55,14.2 1 1
github.com/bililive-go/bililive-go/src/pkg/events/event.go:20.60,22.2 1 1
github.com/bililive-go/bililive-go/src/recorders/manager.go:17.46,25.2 3 1
github.com/bililive-go/bililive-go/src/recorders/manager.go:47.79,48.93 1 0
github.com/bililive-go/bililive-go/src/recorders/manager.go:55.2,55.99 1 0
github.com/bililive-go/bililive-go/src/recorders/manager.go:65.2,65.73 1 0
github.com/bililive-go/bililive-go/src/recorders/manager.go:74.2,75.62 2 0
github.com/bililive-go/bililive-go/src/recorders/manager.go:48.93,50.50 2 0
github.com/bililive-go/bililive-go/src/recorders/manager.go:50.50,52.4 1 0
github.com/bililive-go/bililive-go/src/recorders/manager.go:55.99,57.44 2 0
github.com/bililive-go/bililive-go/src/recorders/manager.go:60.3,60.54 1 0
github.com/bililive-go/bililive-go/src/recorders/manager.go:57.44,59.4 1 0
github.com/bililive-go/bililive-go/src/recorders/manager.go:60.54,62.4 1 0
github.com/bililive-go/bililive-go/src/recorders/manager.go:65.73,67.44 2 0
github.com/bililive-go/bililive-go/src/recorders/manager.go:70.3,70.65 1 0
github.com/bililive-go/bililive-go/src/recorders/manager.go:67.44,69.4 1 0
github.com/bililive-go/bililive-go/src/recorders/manager.go:70.65,72.4 1 0
github.com/bililive-go/bililive-go/src/recorders/manager.go:78.52,80.51 2 0
github.com/bililive-go/bililive-go/src/recorders/manager.go:83.2,84.12 2 0
github.com/bililive-go/bililive-go/src/recorders/manager.go:80.51,82.3 1 0
github.com/bililive-go/bililive-go/src/recorders/manager.go:87.46,90.37 3 0
github.com/bililive-go/bililive-go/src/recorders/manager.go:94.2,95.23 2 0
github.com/bililive-go/bililive-go/src/recorders/manager.go:90.37,93.3 2 0
github.com/bililive-go/bililive-go/src/recorders/manager.go:98.74,101.45 3 1
github.com/bililive-go/bililive-go/src/recorders/manager.go:104.2,105.16 2 1
github.com/bililive-go/bililive-go/src/recorders/manager.go:108.2,110.67 2 1
github.com/bililive-go/bililive-go/src/recorders/manager.go:113.2,113.28 1 1
github.com/bililive-go/bililive-go/src/recorders/manager.go:101.45,103.3 1 1
github.com/bililive-go/bililive-go/src/recorders/manager.go:105.16,107.3 1 0
github.com/bililive-go/bililive-go/src/recorders/manager.go:110.67,112.3 1 0
github.com/bililive-go/bililive-go/src/recorders/manager.go:116.68,118.16 2 0
github.com/bililive-go/bililive-go/src/recorders/manager.go:121.2,121.79 1 0
github.com/bililive-go/bililive-go/src/recorders/manager.go:127.2,127.53 1 0
github.com/bililive-go/bililive-go/src/recorders/manager.go:118.16,120.3 1 0
github.com/bililive-go/bililive-go/src/recorders/manager.go:121.79,122.40 1 0
github.com/bililive-go/bililive-go/src/recorders/manager.go:125.3,125.9 1 0
github.com/bililive-go/bililive-go/src/recorders/manager.go:122.40,124.4 1 0
github.com/bililive-go/bililive-go/src/recorders/manager.go:127.53,129.3 1 0
github.com/bililive-go/bililive-go/src/recorders/manager.go:132.78,133.64 1 1
github.com/bililive-go/bililive-go/src/recorders/manager.go:136.2,136.49 1 1
github.com/bililive-go/bililive-go/src/recorders/manager.go:139.2,139.12 1 1
github.com/bililive-go/bililive-go/src/recorders/manager.go:133.64,135.3 1 0
github.com/bililive-go/bililive-go/src/recorders/manager.go:136.49,138.3 1 0
github.com/bililive-go/bililive-go/src/recorders/manager.go:142.82,146.9 4 1
github.com/bililive-go/bililive-go/src/recorders/manager.go:149.2,151.12 3 1
github.com/bililive-go/bililive-go/src/recorders/manager.go:146.9,148.3 1 1
github.com/bililive-go/bililive-go/src/recorders/manager.go:154.91,158.9 4 1
github.com/bililive-go/bililive-go/src/recorders/manager.go:161.2,161.15 1 1
github.com/bililive-go/bililive-go/src/recorders/manager.go:158.9,160.3 1 1
github.com/bililive-go/bililive-go/src/recorders/manager.go:164.78,169.2 4 1
github.com/bililive-go/bililive-go/src/recorders/recorder.go:43.102,45.61 2 0
github.com/bililive-go/bililive-go/src/recorders/recorder.go:48.3,48.37 1 0
github.com/bililive-go/bililive-go/src/recorders/recorder.go:45.61,47.4 1 0
github.com/bililive-go/bililive-go/src/recorders/recorder.go:51.34,53.3 1 0
github.com/bililive-go/bililive-go/src/recorders/recorder.go:55.38,56.65 1 0
github.com/bililive-go/bililive-go/src/recorders/recorder.go:56.65,58.4 1 0
github.com/bililive-go/bililive-go/src/recorders/recorder.go:62.72,65.2 1 0
github.com/bililive-go/bililive-go/src/recorders/recorder.go:90.73,104.2 2 0
github.com/bililive-go/bililive-go/src/recorders/recorder.go:106.51,109.79 3 0
github.com/bililive-go/bililive-go/src/recorders/recorder.go:119.2,119.41 1 0
github.com/bililive-go/bililive-go/src/recorders/recorder.go:125.2,129.31 4 0
github.com/bililive-go/bililive-go/src/recorders/recorder.go:136.2,137.47 2 0
github.com/bililive-go/bililive-go/src/recorders/recorder.go:140.2,145.40 5 0
github.com/bililive-go/bililive-go/src/recorders/recorder.go:149.2,149.20 1 0
github.com/bililive-go/bililive-go/src/recorders/recorder.go:153.2,153.41 1 0
github.com/bililive-go/bililive-go/src/recorders/recorder.go:157.2,160.20 2 0
github.com/bililive-go/bililive-go/src/recorders/recorder.go:163.2,164.16 2 0
github.com/bililive-go/bililive-go/src/recorders/recorder.go:168.2,175.16 8 0
github.com/bililive-go/bililive-go/src/recorders/recorder.go:179.2,180.21 2 0
github.com/bililive-go/bililive-go/src/recorders/recorder.go:109.79,113.72 2 0
github.com/bililive-go/bililive-go/src/recorders/recorder.go:113.72,114.99 1 0
github.com/bililive-go/bililive-go/src/recorders/recorder.go:115.9,115.24 1 0
github.com/bililive-go/bililive-go/src/recorders/recorder.go:115.24,117.4 1 0
github.com/bililive-go/bililive-go/src/recorders/recorder.go:119.41,123.3 3 0
github.com/bililive-go/bililive-go/src/recorders/recorder.go:129.31,131.17 2 0
github.com/bililive-go/bililive-go/src/recorders/recorder.go:131.17,133.4 1 0
github.com/bililive-go/bililive-go/src/recorders/recorder.go:137.47,138.64 1 0
github.com/bililive-go/bililive-go/src/recorders/recorder.go:145.40,147.3 1 0
github.com/bililive-go/bililive-go/src/recorders/recorder.go:149.20,151.3 1 0
github.com/bililive-go/bililive-go/src/recorders/recorder.go:153.41,156.3 2 0
github.com/bililive-go/bililive-go/src/recorders/recorder.go:160.20,162.3 1 0
github.com/bililive-go/bililive-go/src/recorders/recorder.go:164.16,167.3 2 0
github.com/bililive-go/bililive-go/src/recorders/recorder.go:175.16,178.3 2 0
github.com/bililive-go/bililive-go/src/recorders/recorder.go:180.21,182.17 2 0
github.com/bililive-go/bililive-go/src/recorders/recorder.go:187.3,196.18 2 0
github.com/bililive-go/bililive-go/src/recorders/recorder.go:200.3,202.23 3 0
github.com/bililive-go/bililive-go/src/recorders/recorder.go:212.3,215.21 4 0
github.com/bililive-go/bililive-go/src/recorders/recorder.go:219.3,219.34 1 0
github.com/bililive-go/bililive-go/src/recorders/recorder.go:224.3,224.72 1 0
github.com/bililive-go/bililive-go/src/recorders/recorder.go:182.17,185.4 2 0
github.com/bililive-go/bililive-go/src/recorders/recorder.go:196.18,199.4 2 0
github.com/bililive-go/bililive-go/src/recorders/recorder.go:203.16,205.25 2 0
github.com/bililive-go/bililive-go/src/recorders/recorder.go:206.18,208.25 2 0
github.com/bililive-go/bililive-go/src/recorders/recorder.go:209.11,210.59 1 0
github.com/bililive-go/bililive-go/src/recorders/recorder.go:215.21,218.4 2 0
github.com/bililive-go/bililive-go/src/recorders/recorder.go:219.34,221.4 1 0
github.com/bililive-go/bililive-go/src/recorders/recorder.go:221.9,221.61 1 0
github.com/bililive-go/bililive-go/src/recorders/recorder.go:221.61,223.4 1 0
github.com/bililive-go/bililive-go/src/recorders/recorder.go:225.8,225.51 1 0
github.com/bililive-go/bililive-go/src/recorders/recorder.go:225.51,237.41 3 0
github.com/bililive-go/bililive-go/src/recorders/recorder.go:237.41,240.4 2 0
github.com/bililive-go/bililive-go/src/recorders/recorder.go:240.9,240.61 1 0
github.com/bililive-go/bililive-go/src/recorders/recorder.go:240.61,242.4 1 0
github.com/bililive-go/bililive-go/src/recorders/recorder.go:246.45,247.6 1 0
github.com/bililive-go/bililive-go/src/recorders/recorder.go:247.6,248.10 1 0
github.com/bililive-go/bililive-go/src/recorders/recorder.go:249.17,250.10 1 0
github.com/bililive-go/bililive-go/src/recorders/recorder.go:251.11,252.20 1 0
github.com/bililive-go/bililive-go/src/recorders/recorder.go:257.46,261.2 3 0
github.com/bililive-go/bililive-go/src/recorders/recorder.go:263.55,266.21 3 0
github.com/bililive-go/bililive-go/src/recorders/recorder.go:271.2,271.14 1 0
github.com/bililive-go/bililive-go/src/recorders/recorder.go:266.21,267.41 1 0
github.com/bililive-go/bililive-go/src/recorders/recorder.go:267.41,269.4 1 0
github.com/bililive-go/bililive-go/src/recorders/recorder.go:274.53,275.60 1 0
github.com/bililive-go/bililive-go/src/recorders/recorder.go:278.2,282.12 5 0
github.com/bililive-go/bililive-go/src/recorders/recorder.go:275.60,277.3 1 0
github.com/bililive-go/bililive-go/src/recorders/recorder.go:285.42,287.2 1 0
github.com/bililive-go/bililive-go/src/recorders/recorder.go:289.28,290.62 1 0
github.com/bililive-go/bililive-go/src/recorders/recorder.go:293.2,294.34 2 0
github.com/bililive-go/bililive-go/src/recorders/recorder.go:299.2,300.59 2 0
github.com/bililive-go/bililive-go/src/recorders/recorder.go:290.62,292.3 1 0
github.com/bililive-go/bililive-go/src/recorders/recorder.go:294.34,295.34 1 0
github.com/bililive-go/bililive-go/src/recorders/recorder.go:295.34,297.4 1 0
github.com/bililive-go/bililive-go/src/recorders/recorder.go:303.46,305.2 1 0
github.com/bililive-go/bililive-go/src/recorders/recorder.go:307.47,309.16 2 0
github.com/bililive-go/bililive-go/src/recorders/recorder.go:312.2,316.3 2 0
github.com/bililive-go/bililive-go/src/recorders/recorder.go:309.16,311.3 1 0
github.com/bililive-go/bililive-go/src/recorders/recorder.go:319.59,321.9 2 0
github.com/bililive-go/bililive-go/src/recorders/recorder.go:324.2,324.25 1 0
github.com/bililive-go/bililive-go/src/recorders/recorder.go:321.9,323.3 1 0
